[?1h=
  ___  ____  ____  ____  ____ (R)
 /__    /   ____/   /   ____/
___/   /   /___/   /   /___/   15.1   Copyright 1985-2017 StataCorp LLC
  Statistics/Data Analysis            StataCorp
                                      4905 Lakeway Drive
     MP - Parallel Edition            College Station, Texas 77845 USA
                                      800-STATA-PC        http://www.stata.com
                                      979-696-4600        stata@stata.com
                                      979-696-4601 (fax)

32-user 64-core Stata network perpetual license:
       Serial number:  501506200495
         Licensed to:  Harvard University FAS Research Computing
                       Cambridge MA

Notes:
      1.  Unicode is supported; see help unicode_advice.
      2.  More than 2 billion observations are allowed; see help obs_advice.
      3.  Maximum number of variables is set to 5000; see help set_maxvar.

. do create_bartik_data_partial.do 

. 
. 
. *****************************************************************************
> ***
. * #0 Program Setup
. *****************************************************************************
> ***
. version 14

. clear all

. set linesize 80

. set more off

. set matsize 8000

. 
. local delta = 1 //Time period delta, set as 10 years

. local geographies = "czone"                                                   
>                                           //Set geographies to use (puma, stat
> efip, or both)

. local geo = "czone"

. local switch = "CZone"

. 
. global main = "/n/scratchlfs02/chetty_lab/Bartik/ACS2000-2017"

. 
. 
. ssc install unique
checking unique consistency and verifying not already installed...
all files already exist and are up to date.

. 
. ******************************************************************************
> **
. * #1 Generate Basic Variables, Pool ACS for 2010
. ******************************************************************************
> **
. use "${main}/raw/IPUMS_data", clear                                           
>                                                   //Main dataset downloaded fr
> om IPUMS

. drop ind                                                                      
>                                                                           //Th
> is is a time-inconsistent industry code we no longer use

. merge 1:1 year serial pernum using "${main}/raw/IPUMS_ind1990", nogen assert(3
> ) //Merge on ind1990 variable (3-digit, time-consistent), downloaded separatel
> y
(label year_lbl already defined)
(label sample_lbl already defined)
(label gq_lbl already defined)

    Result                           # of obs.
    -----------------------------------------
    not matched                             0
    matched                        44,947,578  
    -----------------------------------------

. 
. merge 1:1 year serial pernum using "${main}/raw/IPUMS_geo", nogen keep(3) keep
> using(countyicp countyfip puma)
(label year_lbl already defined)
(label sample_lbl already defined)
(label gq_lbl already defined)

    Result                           # of obs.
    -----------------------------------------
    not matched                             0
    matched                        44,947,578  
    -----------------------------------------

. 
. merge 1:1 year serial pernum using "${main}/raw/IPUMS_bpl", nogen keep(3) keep
> using(bpl)
(label year_lbl already defined)
(label sample_lbl already defined)
(label gq_lbl already defined)

    Result                           # of obs.
    -----------------------------------------
    not matched                             0
    matched                        44,947,578  
    -----------------------------------------

. 
. ren ind1990 ind3                                                              
>                                                                   //This ind19
> 90 variable is the 3-digit industry variable we use

. //replace year = 2010 if inlist(year, 2009,2011)                              
>                                           //Pool 2009-2011 ACS samples to form
>  single 2010 sample
. //keep if mod(year,10)==0                                                     
>                                                                   //Keep only 
> 1980, 1990, 2000, and 2010 samples
. //replace perwt = perwt/3 if year==2010                                       
>                                           //Divide person weights in 2010 by 3
>  to account for pooling
. //replace hhwt = hhwt/3 if year==2010                                         
>                                                   //Divide household weights i
> n 2010 by 3 to account for pooling
. *Maya added 8/17/2017
. ren puma real_puma                                                            
>                                                                   //Consistent
>  puma variable

. label var real_puma "Real Puma (puma)"

. ren conspuma puma                                                             
>                                                                   //Consistent
>  puma variable

. label var puma "Consistent Puma (conspuma)"

. gen full_time = (uhrswork >= 30) if empstat==1 & !missing(uhrswork)           
>           //Full-time individuals defined as employed and work 30+ hrs/week
(24,297,815 missing values generated)

. label var full_time "Share Employed and Usual Hrs Worked >=30"

. /*There are some full-time individuals coded as N/As in 1980 only. We believe 
> these
>         are active duty military, and group the active duty military industrie
> s 
>         (940-960) under this single N/A code (0) to ensure consistency across 
> time 
>         periods*/
. assert ind3!=0 if full_time==1 & year>1980                                    
>                                           //No full-time N/A's after 1980 (onc
> e military industry codes are added)

. assert !inrange(ind3,940,960) if full_time==1 & year==1980                    
>                           //No full-time military in 1980
(null assertion)

. replace ind3 = 0 if inrange(ind3,940,960)                                     
>                           //Replace 1990+ military codes with 1980 N/A code
(167,546 real changes made)

. 
. //gen cz_match = statefip*1000 + cntygp98 if year == 1980
. gen cz_match = statefip*10000 + real_puma
(5,027,734 missing values generated)

. replace cz_match = statefip*100000 + real_puma if year >= 2012
(18,871,967 real changes made)

. 
. preserve

. *append in all of the commuting zone crosswalks (varies by year)
. /*use "${main}/raw/cw_ctygrp1980_czone_corr", clear
> gen year = 1980
> append using "${main}/raw/cw_puma1990_czone"
> replace year = 1990 if year == .
> */
. clear

. gen year = .

. forvalues year = 2000/2011{
  2.         append using "${main}/raw/cw_puma2000_czone"
  3.         replace year = `year' if year == .
  4. }
(2,880 real changes made)
(2,880 real changes made)
(2,880 real changes made)
(2,880 real changes made)
(2,880 real changes made)
(2,880 real changes made)
(2,880 real changes made)
(2,880 real changes made)
(2,880 real changes made)
(2,880 real changes made)
(2,880 real changes made)
(2,880 real changes made)

. forvalues year = 2012/2017{
  2.         append using "${main}/raw/cw_puma2010_czone"
  3.         replace year = `year' if year == .
  4. }
(6,110 real changes made)
(6,110 real changes made)
(6,110 real changes made)
(6,110 real changes made)
(6,110 real changes made)
(6,110 real changes made)

. 
. egen unique_identifier = rownonmiss(puma2000 puma2010)

. sum unique_identifier

    Variable |        Obs        Mean    Std. Dev.       Min        Max
-------------+---------------------------------------------------------
unique_ide~r |     71,220           1           0          1          1

. assert unique_identifier == 1

. egen cz_match = rowtotal(puma2000 puma2010)

. 
. keep afactor czone year cz_match

. tempfile cz_xwalk

. save `cz_xwalk'
file /tmp/St27334.000002 saved

. restore

. 
. joinby cz_match year using `cz_xwalk', unmatched(master)        

. 
. rename afactor cz_wt

. label var cz_wt "Commuting Zone Weight"

. 
. gen perwt_cz = perwt * cz_wt
(5,037,252 missing values generated)

. gen hhwt_cz = hhwt * cz_wt 
(5,037,252 missing values generated)

. label var cz_wt "Person * Commuting Zone Weight"

. label var cz_wt "Household * Commuting Zone Weight"

. 
. *keeping only mainland CZs
. merge m:1 czone using "${main}/raw/czone_list.dta", keep(3) nogen
(note: variable czone was float, now double to accommodate using data's
       values)

    Result                           # of obs.
    -----------------------------------------
    not matched                             0
    matched                        82,136,993  
    -----------------------------------------

. unique czone
Number of unique values of czone is  722
Number of records is  82136993

. local test = r(sum)

. assert `test' == 722

. save "${main}/raw/raw_bartik", replace
(note: file /n/scratchlfs02/chetty_lab/Bartik/ACS2000-2017/raw/raw_bartik.dta no
> t found)
file /n/scratchlfs02/chetty_lab/Bartik/ACS2000-2017/raw/raw_bartik.dta saved

. 
. use "${main}/raw/raw_bartik", clear

. 
. unique czone
Number of unique values of czone is  722
Number of records is  82136993

. local test = r(sum)

. assert `test' == 722

.         
. ****************************************************************************
. * #2 Generate Characteristic Variables to Collapse (Don't Need to Separate by 
> Geography)
. ****************************************************************************
. *******Household Variables
. *^These variables are reported at the household level and need to be weighted 
> accordingly when collapsing
. 
. gen mtg = inlist(mortgage,2,3,4) if !missing(mortgage)                        
>                           //Mortgage indicator

. label var mtg "Share hhold with a mortgage"

. 
. gen mtg2 = inlist(mortgag2,2,3,4,5) if !missing(mortgag2)                     
>                           //Secondary mortgage indicator

. label var mtg2 "Share hhold with a secondary mortgage"

. 
. gen ownership = ownershp==1 if  !missing(ownershp)                            
>                                   //0 is n/a, 1 is owned, 2 is rented

. label var ownership "Share hhold which own their home"

. 
. gen foodstamp = foodstmp==2 if !missing(foodstmp)                             
>                                   //0 is n/a, 1 is no, 2 is yes

. label var foodstamp "Share hhold on foodstamps"

. 
. local hh_vars mtg mtg2 ownership foodstamp rent hhincome valueh               
>                   //List of hhold level variables                             
>     

. 
. ******Individual Variables
. *^These variables are reported at the individual level and need to be weighted
>  accordingly when collapsing
. gen male = sex==1 if !missing(sex)                                            
>                                                   //1 is male, 2 is female

. label var male "Male"

. 
. gen married = inlist(marst,1,2) if !missing(marst)                            
>                                   //Married, spouse present or absent

. label var married "Married"

. 
. *Generate indicators for race
. gen race_white = racesing==1 if !missing(racesing)
(25,790,809 missing values generated)

. label var race_white "White"

. gen race_black = racesing==2 if !missing(racesing)
(25,790,809 missing values generated)

. label var race_black "Black"

. gen race_namerican = racesing==3 if !missing(racesing)
(25,790,809 missing values generated)

. label var race_namerican "Native American"

. gen race_asian = racesing==4 if !missing(racesing)
(25,790,809 missing values generated)

. label var race_asian "Asian"

. gen race_other = racesing==5 if !missing(racesing)
(25,790,809 missing values generated)

. label var race_other "Other Race"

. gen hispanic = inlist(hispan,1,2,3,4) if hispan!=9 & !missing(hispan)

. label var hispanic "Hispanic"

. 
. 
. unique czone
Number of unique values of czone is  722
Number of records is  82136993

. local test = r(sum)

. assert `test' == 722

. 
. 
. gen native_born = citizen==0 if !missing(citizen)                             
>                                   //Universe of this variable is foreign-born 
> persons, so N/As are native born

. label var native_born "Native Born"

. 
. gen yrs_us_lt10 = inlist(yrsusa2,1,2) if !missing(yrsusa2)

. label var yrs_us_lt10 "Share Foreign-Born and Living in the US <=10 Years"

. 
. *Generate Educational Attainment Variables
. gen educ_lt12 = inlist(educ,0,1,2,3,4,5) if !missing(educ)

. label var educ_lt12 "$<$12th Grade"

. 
. gen educ_hs = educ==6 if !missing(educ)

. label var educ_hs "12th Grade Only"

. 
. gen educ_coll_lt4yrs = inlist(educ,7,8,9) if !missing(educ)

. label var educ_coll_lt4yrs "College $<$4 Years"

. 
. gen educ_coll_4yrs = educ==10 if !missing(educ)

. label var educ_coll_4yrs "College 4 Years Only"

. 
. gen educ_coll_more = educ==11 if !missing(educ)

. label var educ_coll_more "College 5+ Years"

. 
. gen educ_coll = educ_coll_lt4yrs + educ_coll_4yrs + educ_coll_more

. label var educ_coll "Some College"

. 
. *Generate Employment and Labor Force Variables
. gen employed = empstat==1 if inlist(empstat,1,2)                              
>                                   //Indicator for employed if either employed 
> or unemployed
(42,483,305 missing values generated)

. label var employed "Share Employed"

. 
. gen in_lf = labforce==1  if !missing(labforce)                                
>                                   //Indicator for in labor force, N/As (code 0
> ) are 

. label var in_lf "Share in Labor Force"

. 
. unique czone
Number of unique values of czone is  722
Number of records is  82136993

. local test = r(sum)

. assert `test' == 722

. 
. /*
> *Generate Migration Indicators, excluding N/As and missing
> gen migr5_same_house = inlist(migrate5,1) if !missing(migrate5) & !inlist(migr
> ate5,0,9) //Living in the same house as 5 years ago
> label var migr5_same_house "5-Year Same House"
> 
> gen migr5_same_state = inlist(migrate5,1,2) if !missing(migrate5) & !inlist(mi
> grate5,0,9) //Living in the same state as 5 years ago
> label var migr5_same_state "5-Year Same State"*/
. 
. gen migr1_same_house = inlist(migrate1,1) if !missing(migrate1) & !inlist(migr
> ate1,0,9) //Living in the same house as 1 year ago
(849,518 missing values generated)

. label var migr1_same_house "1-Year Same House"

. 
. gen migr1_same_state = inlist(migrate1,1,2) if !missing(migrate1) & !inlist(mi
> grate1,0,9) //Living in the same house as 1 year ago
(849,518 missing values generated)

. label var migr1_same_state "1-Year Same State"

. 
. gen veteran = vetstat==2 if !missing(vetstat) & !inlist(vetstat,0,9)          
>           //Exclude missing code (9) and N/As (code 0)
(16,765,114 missing values generated)

. label var veteran "Veteran"

. 
. *Recode Income/Value Variables
. recode inctot ftotinc incwage incss incwelfr incearn valueh (9999999 = .)     
>           //Replace N/A code as missing for income variables
(inctot: 14575167 changes made)
(ftotinc: 3511545 changes made)
(incwage: 0 changes made)
(incss: 0 changes made)
(incwelfr: 0 changes made)
(incearn: 0 changes made)
(valueh: 23829781 changes made)

. recode ftotinc incwage (999998 = .)                                           
>                                                   //Additional missing code is
>  present for some income variables
(ftotinc: 0 changes made)
(incwage: 0 changes made)

. *Note that some of these income variables are top-coded, with top-codes changi
> ng over time (inconsistent)
. 
. unique czone
Number of unique values of czone is  722
Number of records is  82136993

. local test = r(sum)

. assert `test' == 722

. 
. recode sei hwsei (0 = .)                                                      
>                                                           //Recode N/As as mis
> sing
(sei: 34461126 changes made)
(hwsei: 34716476 changes made)

. 
. *Label some remaining variables
. label var nchild "\# of Children"

. label var nchlt5 "\# of Children $<$5"

. label var age "Age" 

. label var inctot "Total Income"

. label var ftotinc "Total Family Income"

. label var incwage "Wage Income"

. label var incss "Social Security Income"

. label var incwelfr "Welfare Income"

. label var incearn "Earned Income"

. label var sei "Socio-Economic Index"

. label var hwsei "Socio-Economic Index v2"

. 
. unique czone
